[2026-03-17 13:16:42] local.ERROR: syntax error, unexpected string content "/)); ?>">Home</a></li>" {"view":{"view":"/Users/tobikudayisi/repos/charlon-shop/resources/views/components/generic-banner.blade.php","data":{"errors":"<pre class=sf-dump id=sf-dump-2070117417 data-indent-pad=\"  \"><span class=sf-dump-note>Illuminate\\Support\\ViewErrorBag</span> {<a class=sf-dump-ref>#443</a><samp data-depth=1 class=sf-dump-expanded>
  #<span class=sf-dump-protected title=\"Protected property\">bags</span>: []
</samp>}
</pre><script>Sfdump(\"sf-dump-2070117417\", {\"maxDepth\":3,\"maxStringLength\":160})</script>
","user":"<pre class=sf-dump id=sf-dump-1200881525 data-indent-pad=\"  \"><span class=sf-dump-const>null</span>
</pre><script>Sfdump(\"sf-dump-1200881525\", {\"maxDepth\":3,\"maxStringLength\":160})</script>
","plugins":"<pre class=sf-dump id=sf-dump-528015122 data-indent-pad=\"  \">[]
</pre><script>Sfdump(\"sf-dump-528015122\", {\"maxDepth\":3,\"maxStringLength\":160})</script>
","senders":"<pre class=sf-dump id=sf-dump-106908746 data-indent-pad=\"  \"><span class=sf-dump-note>array:2</span> [<samp data-depth=1 class=sf-dump-expanded>
  <span class=sf-dump-index>0</span> => <span class=sf-dump-note>array:12</span> [<samp data-depth=2 class=sf-dump-compact>
    \"<span class=sf-dump-key>id</span>\" => <span class=sf-dump-num>6</span>
    \"<span class=sf-dump-key>ss</span>\" => \"<span class=sf-dump-str title=\"21 characters\">lon105.truehost.cloud</span>\"
    \"<span class=sf-dump-key>sp</span>\" => \"<span class=sf-dump-str title=\"3 characters\">587</span>\"
    \"<span class=sf-dump-key>sa</span>\" => \"<span class=sf-dump-str title=\"3 characters\">yes</span>\"
    \"<span class=sf-dump-key>sec</span>\" => \"<span class=sf-dump-str title=\"3 characters\">tls</span>\"
    \"<span class=sf-dump-key>su</span>\" => \"<span class=sf-dump-str title=\"24 characters\">bcolson@quickjobs247.com</span>\"
    \"<span class=sf-dump-key>spp</span>\" => \"<span class=sf-dump-str title=\"11 characters\">Kudayisi2@*</span>\"
    \"<span class=sf-dump-key>sn</span>\" => \"<span class=sf-dump-str title=\"13 characters\">Brenda Colson</span>\"
    \"<span class=sf-dump-key>se</span>\" => \"<span class=sf-dump-str title=\"24 characters\">bcolson@quickjobs247.com</span>\"
    \"<span class=sf-dump-key>current</span>\" => \"<span class=sf-dump-str title=\"2 characters\">no</span>\"
    \"<span class=sf-dump-key>status</span>\" => \"<span class=sf-dump-str title=\"2 characters\">ok</span>\"
    \"<span class=sf-dump-key>date</span>\" => \"<span class=sf-dump-str title=\"15 characters\">9th March, 2026</span>\"
  </samp>]
  <span class=sf-dump-index>1</span> => <span class=sf-dump-note>array:12</span> [<samp data-depth=2 class=sf-dump-compact>
    \"<span class=sf-dump-key>id</span>\" => <span class=sf-dump-num>5</span>
    \"<span class=sf-dump-key>ss</span>\" => \"<span class=sf-dump-str title=\"21 characters\">mail.quickjobs247.com</span>\"
    \"<span class=sf-dump-key>sp</span>\" => \"<span class=sf-dump-str title=\"3 characters\">465</span>\"
    \"<span class=sf-dump-key>sa</span>\" => \"<span class=sf-dump-str title=\"3 characters\">yes</span>\"
    \"<span class=sf-dump-key>sec</span>\" => \"<span class=sf-dump-str title=\"3 characters\">ssl</span>\"
    \"<span class=sf-dump-key>su</span>\" => \"<span class=sf-dump-str title=\"19 characters\">me@quickjobs247.com</span>\"
    \"<span class=sf-dump-key>spp</span>\" => \"<span class=sf-dump-str title=\"14 characters\">riceandstew002</span>\"
    \"<span class=sf-dump-key>sn</span>\" => \"<span class=sf-dump-str title=\"13 characters\">Brenda Colson</span>\"
    \"<span class=sf-dump-key>se</span>\" => \"<span class=sf-dump-str title=\"19 characters\">me@quickjobs247.com</span>\"
    \"<span class=sf-dump-key>current</span>\" => \"<span class=sf-dump-str title=\"2 characters\">no</span>\"
    \"<span class=sf-dump-key>status</span>\" => \"<span class=sf-dump-str title=\"2 characters\">ok</span>\"
    \"<span class=sf-dump-key>date</span>\" => \"<span class=sf-dump-str title=\"15 characters\">9th March, 2026</span>\"
  </samp>]
</samp>]
</pre><script>Sfdump(\"sf-dump-106908746\", {\"maxDepth\":3,\"maxStringLength\":160})</script>
","signals":"<pre class=sf-dump id=sf-dump-1867470905 data-indent-pad=\"  \"><span class=sf-dump-note>array:2</span> [<samp data-depth=1 class=sf-dump-expanded>
  \"<span class=sf-dump-key>okays</span>\" => <span class=sf-dump-note>array:7</span> [<samp data-depth=2 class=sf-dump-compact>
    \"<span class=sf-dump-key>login-status</span>\" => \"<span class=sf-dump-str title=\"18 characters\">Sign in successful</span>\"
    \"<span class=sf-dump-key>add-sender-status</span>\" => \"<span class=sf-dump-str title=\"13 characters\">Sender added!</span>\"
    \"<span class=sf-dump-key>update-profile-status</span>\" => \"<span class=sf-dump-str title=\"16 characters\">Profile updated!</span>\"
    \"<span class=sf-dump-key>new-tracking-status</span>\" => \"<span class=sf-dump-str title=\"15 characters\">Tracking added!</span>\"
    \"<span class=sf-dump-key>tracking-status</span>\" => \"<span class=sf-dump-str title=\"17 characters\">Tracking updated!</span>\"
    \"<span class=sf-dump-key>remove-tracking-status</span>\" => \"<span class=sf-dump-str title=\"17 characters\">Tracking removed!</span>\"
    \"<span class=sf-dump-key>contact-status</span>\" => \"<span class=sf-dump-str title=\"80 characters\">Message sent! Our customer service representatives will get back to you shortly.</span>\"
  </samp>]
  \"<span class=sf-dump-key>errors</span>\" => <span class=sf-dump-note>array:5</span> [<samp data-depth=2 class=sf-dump-compact>
    \"<span class=sf-dump-key>login-status-error</span>\" => \"<span class=sf-dump-str title=\"55 characters\">There was a problem signing in, please contact support.</span>\"
    \"<span class=sf-dump-key>add-sender-status-error</span>\" => \"<span class=sf-dump-str title=\"34 characters\">There was a problem adding sender.</span>\"
    \"<span class=sf-dump-key>update-status-error</span>\" => \"<span class=sf-dump-str title=\"65 characters\">There was a problem updating the account, please contact support.</span>\"
    \"<span class=sf-dump-key>contact-status-error</span>\" => \"<span class=sf-dump-str title=\"65 characters\">There was a problem sending your message, please contact support.</span>\"
    \"<span class=sf-dump-key>tracking-status-error</span>\" => \"<span class=sf-dump-str title=\"29 characters\">Tracking info does not exist!</span>\"
  </samp>]
</samp>]
</pre><script>Sfdump(\"sf-dump-1867470905\", {\"maxDepth\":3,\"maxStringLength\":160})</script>
","ads":"<pre class=sf-dump id=sf-dump-996564010 data-indent-pad=\"  \">[]
</pre><script>Sfdump(\"sf-dump-996564010\", {\"maxDepth\":3,\"maxStringLength\":160})</script>
","contactDetails":"<pre class=sf-dump id=sf-dump-1661774569 data-indent-pad=\"  \"><span class=sf-dump-note>array:3</span> [<samp data-depth=1 class=sf-dump-expanded>
  \"<span class=sf-dump-key>address</span>\" => \"<span class=sf-dump-str title=\"36 characters\">Test Address&lt;br&gt; Lagos State, NG&lt;br&gt;</span>\"
  \"<span class=sf-dump-key>phone</span>\" => \"<span class=sf-dump-str title=\"11 characters\">08012345678</span>\"
  \"<span class=sf-dump-key>email</span>\" => \"<span class=sf-dump-str title=\"20 characters\">info@ukporunique.com</span>\"
</samp>]
</pre><script>Sfdump(\"sf-dump-1661774569\", {\"maxDepth\":3,\"maxStringLength\":160})</script>
","contactInfo":"<pre class=sf-dump id=sf-dump-1094290423 data-indent-pad=\"  \"><span class=sf-dump-note>array:3</span> [<samp data-depth=1 class=sf-dump-expanded>
  \"<span class=sf-dump-key>address</span>\" => \"<span class=sf-dump-str title=\"20 characters\">Test Address, Lagos </span>\"
  \"<span class=sf-dump-key>email</span>\" => \"<span class=sf-dump-str title=\"20 characters\">info@ukporunique.com</span>\"
  \"<span class=sf-dump-key>phone</span>\" => \"<span class=sf-dump-str title=\"11 characters\">08012345678</span>\"
</samp>]
</pre><script>Sfdump(\"sf-dump-1094290423\", {\"maxDepth\":3,\"maxStringLength\":160})</script>
","admins":"<pre class=sf-dump id=sf-dump-238359421 data-indent-pad=\"  \"><span class=sf-dump-note>array:3</span> [<samp data-depth=1 class=sf-dump-expanded>
  <span class=sf-dump-index>0</span> => <span class=sf-dump-note>array:3</span> [<samp data-depth=2 class=sf-dump-compact>
    \"<span class=sf-dump-key>name</span>\" => \"<span class=sf-dump-str title=\"12 characters\">Abuchi Nwosu</span>\"
    \"<span class=sf-dump-key>phone</span>\" => \"<span class=sf-dump-str title=\"11 characters\">08012345678</span>\"
    \"<span class=sf-dump-key>email</span>\" => \"<span class=sf-dump-str title=\"27 characters\">abuchinwosu@ukporunique.com</span>\"
  </samp>]
  <span class=sf-dump-index>1</span> => <span class=sf-dump-note>array:3</span> [<samp data-depth=2 class=sf-dump-compact>
    \"<span class=sf-dump-key>name</span>\" => \"<span class=sf-dump-str title=\"18 characters\">Emeka Sunday Anene</span>\"
    \"<span class=sf-dump-key>phone</span>\" => \"<span class=sf-dump-str title=\"11 characters\">08012345678</span>\"
    \"<span class=sf-dump-key>email</span>\" => \"<span class=sf-dump-str title=\"27 characters\">sundayanene@ukporunique.com</span>\"
  </samp>]
  <span class=sf-dump-index>2</span> => <span class=sf-dump-note>array:3</span> [<samp data-depth=2 class=sf-dump-compact>
    \"<span class=sf-dump-key>name</span>\" => \"<span class=sf-dump-str title=\"13 characters\">Geofrey Obuna</span>\"
    \"<span class=sf-dump-key>phone</span>\" => \"<span class=sf-dump-str title=\"11 characters\">08012345678</span>\"
    \"<span class=sf-dump-key>email</span>\" => \"<span class=sf-dump-str title=\"28 characters\">geofreyobuna@ukporunique.com</span>\"
  </samp>]
</samp>]
</pre><script>Sfdump(\"sf-dump-238359421\", {\"maxDepth\":3,\"maxStringLength\":160})</script>
"}},"exception":"[object] (Spatie\\LaravelIgnition\\Exceptions\\ViewException(code: 0): syntax error, unexpected string content \"/)); ?>\">Home</a></li>\" at /Users/tobikudayisi/repos/charlon-shop/resources/views/components/generic-banner.blade.php:9)
[stacktrace]
#0 /Users/tobikudayisi/repos/charlon-shop/vendor/laravel/framework/src/Illuminate/Filesystem/Filesystem.php(123): require('/Users/tobikuda...')
#1 /Users/tobikudayisi/repos/charlon-shop/vendor/laravel/framework/src/Illuminate/Filesystem/Filesystem.php(124): Illuminate\\Filesystem\\Filesystem::Illuminate\\Filesystem\\{closure}()
#2 /Users/tobikudayisi/repos/charlon-shop/vendor/laravel/framework/src/Illuminate/View/Engines/PhpEngine.php(58): Illuminate\\Filesystem\\Filesystem->getRequire('/Users/tobikuda...', Array)
#3 /Users/tobikudayisi/repos/charlon-shop/vendor/laravel/framework/src/Illuminate/View/Engines/CompilerEngine.php(75): Illuminate\\View\\Engines\\PhpEngine->evaluatePath('/Users/tobikuda...', Array)
#4 /Users/tobikudayisi/repos/charlon-shop/vendor/laravel/framework/src/Illuminate/View/View.php(209): Illuminate\\View\\Engines\\CompilerEngine->get('/Users/tobikuda...', Array)
#5 /Users/tobikudayisi/repos/charlon-shop/vendor/laravel/framework/src/Illuminate/View/View.php(192): Illuminate\\View\\View->getContents()
#6 /Users/tobikudayisi/repos/charlon-shop/vendor/laravel/framework/src/Illuminate/View/View.php(161): Illuminate\\View\\View->renderContents()
#7 /Users/tobikudayisi/repos/charlon-shop/vendor/laravel/framework/src/Illuminate/Http/Response.php(79): Illuminate\\View\\View->render()
#8 /Users/tobikudayisi/repos/charlon-shop/vendor/laravel/framework/src/Illuminate/Http/Response.php(35): Illuminate\\Http\\Response->setContent(Object(Illuminate\\View\\View))
#9 /Users/tobikudayisi/repos/charlon-shop/vendor/laravel/framework/src/Illuminate/Routing/Router.php(920): Illuminate\\Http\\Response->__construct(Object(Illuminate\\View\\View), 200, Array)
#10 /Users/tobikudayisi/repos/charlon-shop/vendor/laravel/framework/src/Illuminate/Routing/Router.php(887): Illuminate\\Routing\\Router::toResponse(Object(Illuminate\\Http\\Request), Object(Illuminate\\View\\View))
#11 /Users/tobikudayisi/repos/charlon-shop/vendor/laravel/framework/src/Illuminate/Routing/Router.php(807): Illuminate\\Routing\\Router->prepareResponse(Object(Illuminate\\Http\\Request), Object(Illuminate\\View\\View))
#12 /Users/tobikudayisi/repos/charlon-shop/vendor/laravel/framework/src/Illuminate/Pipeline/Pipeline.php(170): Illuminate\\Routing\\Router->Illuminate\\Routing\\{closure}(Object(Illuminate\\Http\\Request))
#13 /Users/tobikudayisi/repos/charlon-shop/vendor/laravel/framework/src/Illuminate/Routing/Middleware/SubstituteBindings.php(51): Illuminate\\Pipeline\\Pipeline->Illuminate\\Pipeline\\{closure}(Object(Illuminate\\Http\\Request))
#14 /Users/tobikudayisi/repos/charlon-shop/vendor/laravel/framework/src/Illuminate/Pipeline/Pipeline.php(209): Illuminate\\Routing\\Middleware\\SubstituteBindings->handle(Object(Illuminate\\Http\\Request), Object(Closure))
#15 /Users/tobikudayisi/repos/charlon-shop/vendor/laravel/framework/src/Illuminate/Foundation/Http/Middleware/VerifyCsrfToken.php(88): Illuminate\\Pipeline\\Pipeline->Illuminate\\Pipeline\\{closure}(Object(Illuminate\\Http\\Request))
#16 /Users/tobikudayisi/repos/charlon-shop/vendor/laravel/framework/src/Illuminate/Pipeline/Pipeline.php(209): Illuminate\\Foundation\\Http\\Middleware\\VerifyCsrfToken->handle(Object(Illuminate\\Http\\Request), Object(Closure))
#17 /Users/tobikudayisi/repos/charlon-shop/vendor/laravel/framework/src/Illuminate/View/Middleware/ShareErrorsFromSession.php(49): Illuminate\\Pipeline\\Pipeline->Illuminate\\Pipeline\\{closure}(Object(Illuminate\\Http\\Request))
#18 /Users/tobikudayisi/repos/charlon-shop/vendor/laravel/framework/src/Illuminate/Pipeline/Pipeline.php(209): Illuminate\\View\\Middleware\\ShareErrorsFromSession->handle(Object(Illuminate\\Http\\Request), Object(Closure))
#19 /Users/tobikudayisi/repos/charlon-shop/vendor/laravel/framework/src/Illuminate/Session/Middleware/StartSession.php(121): Illuminate\\Pipeline\\Pipeline->Illuminate\\Pipeline\\{closure}(Object(Illuminate\\Http\\Request))
#20 /Users/tobikudayisi/repos/charlon-shop/vendor/laravel/framework/src/Illuminate/Session/Middleware/StartSession.php(64): Illuminate\\Session\\Middleware\\StartSession->handleStatefulRequest(Object(Illuminate\\Http\\Request), Object(Illuminate\\Session\\Store), Object(Closure))
#21 /Users/tobikudayisi/repos/charlon-shop/vendor/laravel/framework/src/Illuminate/Pipeline/Pipeline.php(209): Illuminate\\Session\\Middleware\\StartSession->handle(Object(Illuminate\\Http\\Request), Object(Closure))
#22 /Users/tobikudayisi/repos/charlon-shop/vendor/laravel/framework/src/Illuminate/Cookie/Middleware/AddQueuedCookiesToResponse.php(37): Illuminate\\Pipeline\\Pipeline->Illuminate\\Pipeline\\{closure}(Object(Illuminate\\Http\\Request))
#23 /Users/tobikudayisi/repos/charlon-shop/vendor/laravel/framework/src/Illuminate/Pipeline/Pipeline.php(209): Illuminate\\Cookie\\Middleware\\AddQueuedCookiesToResponse->handle(Object(Illuminate\\Http\\Request), Object(Closure))
#24 /Users/tobikudayisi/repos/charlon-shop/vendor/laravel/framework/src/Illuminate/Cookie/Middleware/EncryptCookies.php(75): Illuminate\\Pipeline\\Pipeline->Illuminate\\Pipeline\\{closure}(Object(Illuminate\\Http\\Request))
#25 /Users/tobikudayisi/repos/charlon-shop/vendor/laravel/framework/src/Illuminate/Pipeline/Pipeline.php(209): Illuminate\\Cookie\\Middleware\\EncryptCookies->handle(Object(Illuminate\\Http\\Request), Object(Closure))
#26 /Users/tobikudayisi/repos/charlon-shop/vendor/laravel/framework/src/Illuminate/Pipeline/Pipeline.php(127): Illuminate\\Pipeline\\Pipeline->Illuminate\\Pipeline\\{closure}(Object(Illuminate\\Http\\Request))
#27 /Users/tobikudayisi/repos/charlon-shop/vendor/laravel/framework/src/Illuminate/Routing/Router.php(807): Illuminate\\Pipeline\\Pipeline->then(Object(Closure))
#28 /Users/tobikudayisi/repos/charlon-shop/vendor/laravel/framework/src/Illuminate/Routing/Router.php(786): Illuminate\\Routing\\Router->runRouteWithinStack(Object(Illuminate\\Routing\\Route), Object(Illuminate\\Http\\Request))
#29 /Users/tobikudayisi/repos/charlon-shop/vendor/laravel/framework/src/Illuminate/Routing/Router.php(750): Illuminate\\Routing\\Router->runRoute(Object(Illuminate\\Http\\Request), Object(Illuminate\\Routing\\Route))
#30 /Users/tobikudayisi/repos/charlon-shop/vendor/laravel/framework/src/Illuminate/Routing/Router.php(739): Illuminate\\Routing\\Router->dispatchToRoute(Object(Illuminate\\Http\\Request))
#31 /Users/tobikudayisi/repos/charlon-shop/vendor/laravel/framework/src/Illuminate/Foundation/Http/Kernel.php(201): Illuminate\\Routing\\Router->dispatch(Object(Illuminate\\Http\\Request))
#32 /Users/tobikudayisi/repos/charlon-shop/vendor/laravel/framework/src/Illuminate/Pipeline/Pipeline.php(170): Illuminate\\Foundation\\Http\\Kernel->Illuminate\\Foundation\\Http\\{closure}(Object(Illuminate\\Http\\Request))
#33 /Users/tobikudayisi/repos/charlon-shop/vendor/laravel/framework/src/Illuminate/Cookie/Middleware/EncryptCookies.php(75): Illuminate\\Pipeline\\Pipeline->Illuminate\\Pipeline\\{closure}(Object(Illuminate\\Http\\Request))
#34 /Users/tobikudayisi/repos/charlon-shop/vendor/laravel/framework/src/Illuminate/Pipeline/Pipeline.php(209): Illuminate\\Cookie\\Middleware\\EncryptCookies->handle(Object(Illuminate\\Http\\Request), Object(Closure))
#35 /Users/tobikudayisi/repos/charlon-shop/vendor/laravel/framework/src/Illuminate/View/Middleware/ShareErrorsFromSession.php(49): Illuminate\\Pipeline\\Pipeline->Illuminate\\Pipeline\\{closure}(Object(Illuminate\\Http\\Request))
#36 /Users/tobikudayisi/repos/charlon-shop/vendor/laravel/framework/src/Illuminate/Pipeline/Pipeline.php(209): Illuminate\\View\\Middleware\\ShareErrorsFromSession->handle(Object(Illuminate\\Http\\Request), Object(Closure))
#37 /Users/tobikudayisi/repos/charlon-shop/vendor/laravel/framework/src/Illuminate/Session/Middleware/StartSession.php(121): Illuminate\\Pipeline\\Pipeline->Illuminate\\Pipeline\\{closure}(Object(Illuminate\\Http\\Request))
#38 /Users/tobikudayisi/repos/charlon-shop/vendor/laravel/framework/src/Illuminate/Session/Middleware/StartSession.php(64): Illuminate\\Session\\Middleware\\StartSession->handleStatefulRequest(Object(Illuminate\\Http\\Request), Object(Illuminate\\Session\\Store), Object(Closure))
#39 /Users/tobikudayisi/repos/charlon-shop/vendor/laravel/framework/src/Illuminate/Pipeline/Pipeline.php(209): Illuminate\\Session\\Middleware\\StartSession->handle(Object(Illuminate\\Http\\Request), Object(Closure))
#40 /Users/tobikudayisi/repos/charlon-shop/vendor/laravel/framework/src/Illuminate/Foundation/Http/Middleware/TransformsRequest.php(21): Illuminate\\Pipeline\\Pipeline->Illuminate\\Pipeline\\{closure}(Object(Illuminate\\Http\\Request))
#41 /Users/tobikudayisi/repos/charlon-shop/vendor/laravel/framework/src/Illuminate/Foundation/Http/Middleware/ConvertEmptyStringsToNull.php(31): Illuminate\\Foundation\\Http\\Middleware\\TransformsRequest->handle(Object(Illuminate\\Http\\Request), Object(Closure))
#42 /Users/tobikudayisi/repos/charlon-shop/vendor/laravel/framework/src/Illuminate/Pipeline/Pipeline.php(209): Illuminate\\Foundation\\Http\\Middleware\\ConvertEmptyStringsToNull->handle(Object(Illuminate\\Http\\Request), Object(Closure))
#43 /Users/tobikudayisi/repos/charlon-shop/vendor/laravel/framework/src/Illuminate/Foundation/Http/Middleware/TransformsRequest.php(21): Illuminate\\Pipeline\\Pipeline->Illuminate\\Pipeline\\{closure}(Object(Illuminate\\Http\\Request))
#44 /Users/tobikudayisi/repos/charlon-shop/vendor/laravel/framework/src/Illuminate/Foundation/Http/Middleware/TrimStrings.php(51): Illuminate\\Foundation\\Http\\Middleware\\TransformsRequest->handle(Object(Illuminate\\Http\\Request), Object(Closure))
#45 /Users/tobikudayisi/repos/charlon-shop/vendor/laravel/framework/src/Illuminate/Pipeline/Pipeline.php(209): Illuminate\\Foundation\\Http\\Middleware\\TrimStrings->handle(Object(Illuminate\\Http\\Request), Object(Closure))
#46 /Users/tobikudayisi/repos/charlon-shop/vendor/laravel/framework/src/Illuminate/Http/Middleware/ValidatePostSize.php(27): Illuminate\\Pipeline\\Pipeline->Illuminate\\Pipeline\\{closure}(Object(Illuminate\\Http\\Request))
#47 /Users/tobikudayisi/repos/charlon-shop/vendor/laravel/framework/src/Illuminate/Pipeline/Pipeline.php(209): Illuminate\\Http\\Middleware\\ValidatePostSize->handle(Object(Illuminate\\Http\\Request), Object(Closure))
#48 /Users/tobikudayisi/repos/charlon-shop/vendor/laravel/framework/src/Illuminate/Foundation/Http/Middleware/PreventRequestsDuringMaintenance.php(110): Illuminate\\Pipeline\\Pipeline->Illuminate\\Pipeline\\{closure}(Object(Illuminate\\Http\\Request))
#49 /Users/tobikudayisi/repos/charlon-shop/vendor/laravel/framework/src/Illuminate/Pipeline/Pipeline.php(209): Illuminate\\Foundation\\Http\\Middleware\\PreventRequestsDuringMaintenance->handle(Object(Illuminate\\Http\\Request), Object(Closure))
#50 /Users/tobikudayisi/repos/charlon-shop/vendor/laravel/framework/src/Illuminate/Http/Middleware/HandleCors.php(49): Illuminate\\Pipeline\\Pipeline->Illuminate\\Pipeline\\{closure}(Object(Illuminate\\Http\\Request))
#51 /Users/tobikudayisi/repos/charlon-shop/vendor/laravel/framework/src/Illuminate/Pipeline/Pipeline.php(209): Illuminate\\Http\\Middleware\\HandleCors->handle(Object(Illuminate\\Http\\Request), Object(Closure))
#52 /Users/tobikudayisi/repos/charlon-shop/vendor/laravel/framework/src/Illuminate/Http/Middleware/TrustProxies.php(58): Illuminate\\Pipeline\\Pipeline->Illuminate\\Pipeline\\{closure}(Object(Illuminate\\Http\\Request))
#53 /Users/tobikudayisi/repos/charlon-shop/vendor/laravel/framework/src/Illuminate/Pipeline/Pipeline.php(209): Illuminate\\Http\\Middleware\\TrustProxies->handle(Object(Illuminate\\Http\\Request), Object(Closure))
#54 /Users/tobikudayisi/repos/charlon-shop/vendor/laravel/framework/src/Illuminate/Pipeline/Pipeline.php(127): Illuminate\\Pipeline\\Pipeline->Illuminate\\Pipeline\\{closure}(Object(Illuminate\\Http\\Request))
#55 /Users/tobikudayisi/repos/charlon-shop/vendor/laravel/framework/src/Illuminate/Foundation/Http/Kernel.php(176): Illuminate\\Pipeline\\Pipeline->then(Object(Closure))
#56 /Users/tobikudayisi/repos/charlon-shop/vendor/laravel/framework/src/Illuminate/Foundation/Http/Kernel.php(145): Illuminate\\Foundation\\Http\\Kernel->sendRequestThroughRouter(Object(Illuminate\\Http\\Request))
#57 /Users/tobikudayisi/repos/charlon-shop/public/index.php(61): Illuminate\\Foundation\\Http\\Kernel->handle(Object(Illuminate\\Http\\Request))
#58 /Users/tobikudayisi/repos/charlon-shop/vendor/laravel/framework/src/Illuminate/Foundation/resources/server.php(23): require_once('/Users/tobikuda...')
#59 {main}

[previous exception] [object] (ParseError(code: 0): syntax error, unexpected string content \"/)); ?>\">Home</a></li>\" at /Users/tobikudayisi/repos/charlon-shop/storage/framework/views/bf7e07cb54bed72dc1ea0f4af2edd3a2.php:9)
[stacktrace]
#0 /Users/tobikudayisi/repos/charlon-shop/vendor/laravel/framework/src/Illuminate/Filesystem/Filesystem.php(124): Illuminate\\Filesystem\\Filesystem::Illuminate\\Filesystem\\{closure}()
#1 /Users/tobikudayisi/repos/charlon-shop/vendor/laravel/framework/src/Illuminate/View/Engines/PhpEngine.php(58): Illuminate\\Filesystem\\Filesystem->getRequire('/Users/tobikuda...', Array)
#2 /Users/tobikudayisi/repos/charlon-shop/vendor/laravel/framework/src/Illuminate/View/Engines/CompilerEngine.php(75): Illuminate\\View\\Engines\\PhpEngine->evaluatePath('/Users/tobikuda...', Array)
#3 /Users/tobikudayisi/repos/charlon-shop/vendor/laravel/framework/src/Illuminate/View/View.php(209): Illuminate\\View\\Engines\\CompilerEngine->get('/Users/tobikuda...', Array)
#4 /Users/tobikudayisi/repos/charlon-shop/vendor/laravel/framework/src/Illuminate/View/View.php(192): Illuminate\\View\\View->getContents()
#5 /Users/tobikudayisi/repos/charlon-shop/vendor/laravel/framework/src/Illuminate/View/View.php(161): Illuminate\\View\\View->renderContents()
#6 /Users/tobikudayisi/repos/charlon-shop/storage/framework/views/6a2d3589646d600ce394b9c1169b1aaa.php(14): Illuminate\\View\\View->render()
#7 /Users/tobikudayisi/repos/charlon-shop/vendor/laravel/framework/src/Illuminate/Filesystem/Filesystem.php(123): require('/Users/tobikuda...')
#8 /Users/tobikudayisi/repos/charlon-shop/vendor/laravel/framework/src/Illuminate/Filesystem/Filesystem.php(124): Illuminate\\Filesystem\\Filesystem::Illuminate\\Filesystem\\{closure}()
#9 /Users/tobikudayisi/repos/charlon-shop/vendor/laravel/framework/src/Illuminate/View/Engines/PhpEngine.php(58): Illuminate\\Filesystem\\Filesystem->getRequire('/Users/tobikuda...', Array)
#10 /Users/tobikudayisi/repos/charlon-shop/vendor/laravel/framework/src/Illuminate/View/Engines/CompilerEngine.php(75): Illuminate\\View\\Engines\\PhpEngine->evaluatePath('/Users/tobikuda...', Array)
#11 /Users/tobikudayisi/repos/charlon-shop/vendor/laravel/framework/src/Illuminate/View/View.php(209): Illuminate\\View\\Engines\\CompilerEngine->get('/Users/tobikuda...', Array)
#12 /Users/tobikudayisi/repos/charlon-shop/vendor/laravel/framework/src/Illuminate/View/View.php(192): Illuminate\\View\\View->getContents()
#13 /Users/tobikudayisi/repos/charlon-shop/vendor/laravel/framework/src/Illuminate/View/View.php(161): Illuminate\\View\\View->renderContents()
#14 /Users/tobikudayisi/repos/charlon-shop/vendor/laravel/framework/src/Illuminate/Http/Response.php(79): Illuminate\\View\\View->render()
#15 /Users/tobikudayisi/repos/charlon-shop/vendor/laravel/framework/src/Illuminate/Http/Response.php(35): Illuminate\\Http\\Response->setContent(Object(Illuminate\\View\\View))
#16 /Users/tobikudayisi/repos/charlon-shop/vendor/laravel/framework/src/Illuminate/Routing/Router.php(920): Illuminate\\Http\\Response->__construct(Object(Illuminate\\View\\View), 200, Array)
#17 /Users/tobikudayisi/repos/charlon-shop/vendor/laravel/framework/src/Illuminate/Routing/Router.php(887): Illuminate\\Routing\\Router::toResponse(Object(Illuminate\\Http\\Request), Object(Illuminate\\View\\View))
#18 /Users/tobikudayisi/repos/charlon-shop/vendor/laravel/framework/src/Illuminate/Routing/Router.php(807): Illuminate\\Routing\\Router->prepareResponse(Object(Illuminate\\Http\\Request), Object(Illuminate\\View\\View))
#19 /Users/tobikudayisi/repos/charlon-shop/vendor/laravel/framework/src/Illuminate/Pipeline/Pipeline.php(170): Illuminate\\Routing\\Router->Illuminate\\Routing\\{closure}(Object(Illuminate\\Http\\Request))
#20 /Users/tobikudayisi/repos/charlon-shop/vendor/laravel/framework/src/Illuminate/Routing/Middleware/SubstituteBindings.php(51): Illuminate\\Pipeline\\Pipeline->Illuminate\\Pipeline\\{closure}(Object(Illuminate\\Http\\Request))
#21 /Users/tobikudayisi/repos/charlon-shop/vendor/laravel/framework/src/Illuminate/Pipeline/Pipeline.php(209): Illuminate\\Routing\\Middleware\\SubstituteBindings->handle(Object(Illuminate\\Http\\Request), Object(Closure))
#22 /Users/tobikudayisi/repos/charlon-shop/vendor/laravel/framework/src/Illuminate/Foundation/Http/Middleware/VerifyCsrfToken.php(88): Illuminate\\Pipeline\\Pipeline->Illuminate\\Pipeline\\{closure}(Object(Illuminate\\Http\\Request))
#23 /Users/tobikudayisi/repos/charlon-shop/vendor/laravel/framework/src/Illuminate/Pipeline/Pipeline.php(209): Illuminate\\Foundation\\Http\\Middleware\\VerifyCsrfToken->handle(Object(Illuminate\\Http\\Request), Object(Closure))
#24 /Users/tobikudayisi/repos/charlon-shop/vendor/laravel/framework/src/Illuminate/View/Middleware/ShareErrorsFromSession.php(49): Illuminate\\Pipeline\\Pipeline->Illuminate\\Pipeline\\{closure}(Object(Illuminate\\Http\\Request))
#25 /Users/tobikudayisi/repos/charlon-shop/vendor/laravel/framework/src/Illuminate/Pipeline/Pipeline.php(209): Illuminate\\View\\Middleware\\ShareErrorsFromSession->handle(Object(Illuminate\\Http\\Request), Object(Closure))
#26 /Users/tobikudayisi/repos/charlon-shop/vendor/laravel/framework/src/Illuminate/Session/Middleware/StartSession.php(121): Illuminate\\Pipeline\\Pipeline->Illuminate\\Pipeline\\{closure}(Object(Illuminate\\Http\\Request))
#27 /Users/tobikudayisi/repos/charlon-shop/vendor/laravel/framework/src/Illuminate/Session/Middleware/StartSession.php(64): Illuminate\\Session\\Middleware\\StartSession->handleStatefulRequest(Object(Illuminate\\Http\\Request), Object(Illuminate\\Session\\Store), Object(Closure))
#28 /Users/tobikudayisi/repos/charlon-shop/vendor/laravel/framework/src/Illuminate/Pipeline/Pipeline.php(209): Illuminate\\Session\\Middleware\\StartSession->handle(Object(Illuminate\\Http\\Request), Object(Closure))
#29 /Users/tobikudayisi/repos/charlon-shop/vendor/laravel/framework/src/Illuminate/Cookie/Middleware/AddQueuedCookiesToResponse.php(37): Illuminate\\Pipeline\\Pipeline->Illuminate\\Pipeline\\{closure}(Object(Illuminate\\Http\\Request))
#30 /Users/tobikudayisi/repos/charlon-shop/vendor/laravel/framework/src/Illuminate/Pipeline/Pipeline.php(209): Illuminate\\Cookie\\Middleware\\AddQueuedCookiesToResponse->handle(Object(Illuminate\\Http\\Request), Object(Closure))
#31 /Users/tobikudayisi/repos/charlon-shop/vendor/laravel/framework/src/Illuminate/Cookie/Middleware/EncryptCookies.php(75): Illuminate\\Pipeline\\Pipeline->Illuminate\\Pipeline\\{closure}(Object(Illuminate\\Http\\Request))
#32 /Users/tobikudayisi/repos/charlon-shop/vendor/laravel/framework/src/Illuminate/Pipeline/Pipeline.php(209): Illuminate\\Cookie\\Middleware\\EncryptCookies->handle(Object(Illuminate\\Http\\Request), Object(Closure))
#33 /Users/tobikudayisi/repos/charlon-shop/vendor/laravel/framework/src/Illuminate/Pipeline/Pipeline.php(127): Illuminate\\Pipeline\\Pipeline->Illuminate\\Pipeline\\{closure}(Object(Illuminate\\Http\\Request))
#34 /Users/tobikudayisi/repos/charlon-shop/vendor/laravel/framework/src/Illuminate/Routing/Router.php(807): Illuminate\\Pipeline\\Pipeline->then(Object(Closure))
#35 /Users/tobikudayisi/repos/charlon-shop/vendor/laravel/framework/src/Illuminate/Routing/Router.php(786): Illuminate\\Routing\\Router->runRouteWithinStack(Object(Illuminate\\Routing\\Route), Object(Illuminate\\Http\\Request))
#36 /Users/tobikudayisi/repos/charlon-shop/vendor/laravel/framework/src/Illuminate/Routing/Router.php(750): Illuminate\\Routing\\Router->runRoute(Object(Illuminate\\Http\\Request), Object(Illuminate\\Routing\\Route))
#37 /Users/tobikudayisi/repos/charlon-shop/vendor/laravel/framework/src/Illuminate/Routing/Router.php(739): Illuminate\\Routing\\Router->dispatchToRoute(Object(Illuminate\\Http\\Request))
#38 /Users/tobikudayisi/repos/charlon-shop/vendor/laravel/framework/src/Illuminate/Foundation/Http/Kernel.php(201): Illuminate\\Routing\\Router->dispatch(Object(Illuminate\\Http\\Request))
#39 /Users/tobikudayisi/repos/charlon-shop/vendor/laravel/framework/src/Illuminate/Pipeline/Pipeline.php(170): Illuminate\\Foundation\\Http\\Kernel->Illuminate\\Foundation\\Http\\{closure}(Object(Illuminate\\Http\\Request))
#40 /Users/tobikudayisi/repos/charlon-shop/vendor/laravel/framework/src/Illuminate/Cookie/Middleware/EncryptCookies.php(75): Illuminate\\Pipeline\\Pipeline->Illuminate\\Pipeline\\{closure}(Object(Illuminate\\Http\\Request))
#41 /Users/tobikudayisi/repos/charlon-shop/vendor/laravel/framework/src/Illuminate/Pipeline/Pipeline.php(209): Illuminate\\Cookie\\Middleware\\EncryptCookies->handle(Object(Illuminate\\Http\\Request), Object(Closure))
#42 /Users/tobikudayisi/repos/charlon-shop/vendor/laravel/framework/src/Illuminate/View/Middleware/ShareErrorsFromSession.php(49): Illuminate\\Pipeline\\Pipeline->Illuminate\\Pipeline\\{closure}(Object(Illuminate\\Http\\Request))
#43 /Users/tobikudayisi/repos/charlon-shop/vendor/laravel/framework/src/Illuminate/Pipeline/Pipeline.php(209): Illuminate\\View\\Middleware\\ShareErrorsFromSession->handle(Object(Illuminate\\Http\\Request), Object(Closure))
#44 /Users/tobikudayisi/repos/charlon-shop/vendor/laravel/framework/src/Illuminate/Session/Middleware/StartSession.php(121): Illuminate\\Pipeline\\Pipeline->Illuminate\\Pipeline\\{closure}(Object(Illuminate\\Http\\Request))
#45 /Users/tobikudayisi/repos/charlon-shop/vendor/laravel/framework/src/Illuminate/Session/Middleware/StartSession.php(64): Illuminate\\Session\\Middleware\\StartSession->handleStatefulRequest(Object(Illuminate\\Http\\Request), Object(Illuminate\\Session\\Store), Object(Closure))
#46 /Users/tobikudayisi/repos/charlon-shop/vendor/laravel/framework/src/Illuminate/Pipeline/Pipeline.php(209): Illuminate\\Session\\Middleware\\StartSession->handle(Object(Illuminate\\Http\\Request), Object(Closure))
#47 /Users/tobikudayisi/repos/charlon-shop/vendor/laravel/framework/src/Illuminate/Foundation/Http/Middleware/TransformsRequest.php(21): Illuminate\\Pipeline\\Pipeline->Illuminate\\Pipeline\\{closure}(Object(Illuminate\\Http\\Request))
#48 /Users/tobikudayisi/repos/charlon-shop/vendor/laravel/framework/src/Illuminate/Foundation/Http/Middleware/ConvertEmptyStringsToNull.php(31): Illuminate\\Foundation\\Http\\Middleware\\TransformsRequest->handle(Object(Illuminate\\Http\\Request), Object(Closure))
#49 /Users/tobikudayisi/repos/charlon-shop/vendor/laravel/framework/src/Illuminate/Pipeline/Pipeline.php(209): Illuminate\\Foundation\\Http\\Middleware\\ConvertEmptyStringsToNull->handle(Object(Illuminate\\Http\\Request), Object(Closure))
#50 /Users/tobikudayisi/repos/charlon-shop/vendor/laravel/framework/src/Illuminate/Foundation/Http/Middleware/TransformsRequest.php(21): Illuminate\\Pipeline\\Pipeline->Illuminate\\Pipeline\\{closure}(Object(Illuminate\\Http\\Request))
#51 /Users/tobikudayisi/repos/charlon-shop/vendor/laravel/framework/src/Illuminate/Foundation/Http/Middleware/TrimStrings.php(51): Illuminate\\Foundation\\Http\\Middleware\\TransformsRequest->handle(Object(Illuminate\\Http\\Request), Object(Closure))
#52 /Users/tobikudayisi/repos/charlon-shop/vendor/laravel/framework/src/Illuminate/Pipeline/Pipeline.php(209): Illuminate\\Foundation\\Http\\Middleware\\TrimStrings->handle(Object(Illuminate\\Http\\Request), Object(Closure))
#53 /Users/tobikudayisi/repos/charlon-shop/vendor/laravel/framework/src/Illuminate/Http/Middleware/ValidatePostSize.php(27): Illuminate\\Pipeline\\Pipeline->Illuminate\\Pipeline\\{closure}(Object(Illuminate\\Http\\Request))
#54 /Users/tobikudayisi/repos/charlon-shop/vendor/laravel/framework/src/Illuminate/Pipeline/Pipeline.php(209): Illuminate\\Http\\Middleware\\ValidatePostSize->handle(Object(Illuminate\\Http\\Request), Object(Closure))
#55 /Users/tobikudayisi/repos/charlon-shop/vendor/laravel/framework/src/Illuminate/Foundation/Http/Middleware/PreventRequestsDuringMaintenance.php(110): Illuminate\\Pipeline\\Pipeline->Illuminate\\Pipeline\\{closure}(Object(Illuminate\\Http\\Request))
#56 /Users/tobikudayisi/repos/charlon-shop/vendor/laravel/framework/src/Illuminate/Pipeline/Pipeline.php(209): Illuminate\\Foundation\\Http\\Middleware\\PreventRequestsDuringMaintenance->handle(Object(Illuminate\\Http\\Request), Object(Closure))
#57 /Users/tobikudayisi/repos/charlon-shop/vendor/laravel/framework/src/Illuminate/Http/Middleware/HandleCors.php(49): Illuminate\\Pipeline\\Pipeline->Illuminate\\Pipeline\\{closure}(Object(Illuminate\\Http\\Request))
#58 /Users/tobikudayisi/repos/charlon-shop/vendor/laravel/framework/src/Illuminate/Pipeline/Pipeline.php(209): Illuminate\\Http\\Middleware\\HandleCors->handle(Object(Illuminate\\Http\\Request), Object(Closure))
#59 /Users/tobikudayisi/repos/charlon-shop/vendor/laravel/framework/src/Illuminate/Http/Middleware/TrustProxies.php(58): Illuminate\\Pipeline\\Pipeline->Illuminate\\Pipeline\\{closure}(Object(Illuminate\\Http\\Request))
#60 /Users/tobikudayisi/repos/charlon-shop/vendor/laravel/framework/src/Illuminate/Pipeline/Pipeline.php(209): Illuminate\\Http\\Middleware\\TrustProxies->handle(Object(Illuminate\\Http\\Request), Object(Closure))
#61 /Users/tobikudayisi/repos/charlon-shop/vendor/laravel/framework/src/Illuminate/Pipeline/Pipeline.php(127): Illuminate\\Pipeline\\Pipeline->Illuminate\\Pipeline\\{closure}(Object(Illuminate\\Http\\Request))
#62 /Users/tobikudayisi/repos/charlon-shop/vendor/laravel/framework/src/Illuminate/Foundation/Http/Kernel.php(176): Illuminate\\Pipeline\\Pipeline->then(Object(Closure))
#63 /Users/tobikudayisi/repos/charlon-shop/vendor/laravel/framework/src/Illuminate/Foundation/Http/Kernel.php(145): Illuminate\\Foundation\\Http\\Kernel->sendRequestThroughRouter(Object(Illuminate\\Http\\Request))
#64 /Users/tobikudayisi/repos/charlon-shop/public/index.php(61): Illuminate\\Foundation\\Http\\Kernel->handle(Object(Illuminate\\Http\\Request))
#65 /Users/tobikudayisi/repos/charlon-shop/vendor/laravel/framework/src/Illuminate/Foundation/resources/server.php(23): require_once('/Users/tobikuda...')
#66 {main}
"} 
[2026-03-17 13:38:44] local.ERROR: syntax error, unexpected token "=>", expecting "]" {"view":{"view":"/Users/tobikudayisi/repos/charlon-shop/resources/views/login.blade.php","data":{"errors":"<pre class=sf-dump id=sf-dump-2143234865 data-indent-pad=\"  \"><span class=sf-dump-note>Illuminate\\Support\\ViewErrorBag</span> {<a class=sf-dump-ref>#448</a><samp data-depth=1 class=sf-dump-expanded>
  #<span class=sf-dump-protected title=\"Protected property\">bags</span>: []
</samp>}
</pre><script>Sfdump(\"sf-dump-2143234865\", {\"maxDepth\":3,\"maxStringLength\":160})</script>
","user":"<pre class=sf-dump id=sf-dump-222682043 data-indent-pad=\"  \"><span class=sf-dump-const>null</span>
</pre><script>Sfdump(\"sf-dump-222682043\", {\"maxDepth\":3,\"maxStringLength\":160})</script>
","plugins":"<pre class=sf-dump id=sf-dump-1865720254 data-indent-pad=\"  \">[]
</pre><script>Sfdump(\"sf-dump-1865720254\", {\"maxDepth\":3,\"maxStringLength\":160})</script>
","senders":"<pre class=sf-dump id=sf-dump-1153795782 data-indent-pad=\"  \"><span class=sf-dump-note>array:2</span> [<samp data-depth=1 class=sf-dump-expanded>
  <span class=sf-dump-index>0</span> => <span class=sf-dump-note>array:12</span> [<samp data-depth=2 class=sf-dump-compact>
    \"<span class=sf-dump-key>id</span>\" => <span class=sf-dump-num>6</span>
    \"<span class=sf-dump-key>ss</span>\" => \"<span class=sf-dump-str title=\"21 characters\">lon105.truehost.cloud</span>\"
    \"<span class=sf-dump-key>sp</span>\" => \"<span class=sf-dump-str title=\"3 characters\">587</span>\"
    \"<span class=sf-dump-key>sa</span>\" => \"<span class=sf-dump-str title=\"3 characters\">yes</span>\"
    \"<span class=sf-dump-key>sec</span>\" => \"<span class=sf-dump-str title=\"3 characters\">tls</span>\"
    \"<span class=sf-dump-key>su</span>\" => \"<span class=sf-dump-str title=\"24 characters\">bcolson@quickjobs247.com</span>\"
    \"<span class=sf-dump-key>spp</span>\" => \"<span class=sf-dump-str title=\"11 characters\">Kudayisi2@*</span>\"
    \"<span class=sf-dump-key>sn</span>\" => \"<span class=sf-dump-str title=\"13 characters\">Brenda Colson</span>\"
    \"<span class=sf-dump-key>se</span>\" => \"<span class=sf-dump-str title=\"24 characters\">bcolson@quickjobs247.com</span>\"
    \"<span class=sf-dump-key>current</span>\" => \"<span class=sf-dump-str title=\"2 characters\">no</span>\"
    \"<span class=sf-dump-key>status</span>\" => \"<span class=sf-dump-str title=\"2 characters\">ok</span>\"
    \"<span class=sf-dump-key>date</span>\" => \"<span class=sf-dump-str title=\"15 characters\">9th March, 2026</span>\"
  </samp>]
  <span class=sf-dump-index>1</span> => <span class=sf-dump-note>array:12</span> [<samp data-depth=2 class=sf-dump-compact>
    \"<span class=sf-dump-key>id</span>\" => <span class=sf-dump-num>5</span>
    \"<span class=sf-dump-key>ss</span>\" => \"<span class=sf-dump-str title=\"21 characters\">mail.quickjobs247.com</span>\"
    \"<span class=sf-dump-key>sp</span>\" => \"<span class=sf-dump-str title=\"3 characters\">465</span>\"
    \"<span class=sf-dump-key>sa</span>\" => \"<span class=sf-dump-str title=\"3 characters\">yes</span>\"
    \"<span class=sf-dump-key>sec</span>\" => \"<span class=sf-dump-str title=\"3 characters\">ssl</span>\"
    \"<span class=sf-dump-key>su</span>\" => \"<span class=sf-dump-str title=\"19 characters\">me@quickjobs247.com</span>\"
    \"<span class=sf-dump-key>spp</span>\" => \"<span class=sf-dump-str title=\"14 characters\">riceandstew002</span>\"
    \"<span class=sf-dump-key>sn</span>\" => \"<span class=sf-dump-str title=\"13 characters\">Brenda Colson</span>\"
    \"<span class=sf-dump-key>se</span>\" => \"<span class=sf-dump-str title=\"19 characters\">me@quickjobs247.com</span>\"
    \"<span class=sf-dump-key>current</span>\" => \"<span class=sf-dump-str title=\"2 characters\">no</span>\"
    \"<span class=sf-dump-key>status</span>\" => \"<span class=sf-dump-str title=\"2 characters\">ok</span>\"
    \"<span class=sf-dump-key>date</span>\" => \"<span class=sf-dump-str title=\"15 characters\">9th March, 2026</span>\"
  </samp>]
</samp>]
</pre><script>Sfdump(\"sf-dump-1153795782\", {\"maxDepth\":3,\"maxStringLength\":160})</script>
","signals":"<pre class=sf-dump id=sf-dump-1299011464 data-indent-pad=\"  \"><span class=sf-dump-note>array:2</span> [<samp data-depth=1 class=sf-dump-expanded>
  \"<span class=sf-dump-key>okays</span>\" => <span class=sf-dump-note>array:7</span> [<samp data-depth=2 class=sf-dump-compact>
    \"<span class=sf-dump-key>login-status</span>\" => \"<span class=sf-dump-str title=\"18 characters\">Sign in successful</span>\"
    \"<span class=sf-dump-key>add-sender-status</span>\" => \"<span class=sf-dump-str title=\"13 characters\">Sender added!</span>\"
    \"<span class=sf-dump-key>update-profile-status</span>\" => \"<span class=sf-dump-str title=\"16 characters\">Profile updated!</span>\"
    \"<span class=sf-dump-key>new-tracking-status</span>\" => \"<span class=sf-dump-str title=\"15 characters\">Tracking added!</span>\"
    \"<span class=sf-dump-key>tracking-status</span>\" => \"<span class=sf-dump-str title=\"17 characters\">Tracking updated!</span>\"
    \"<span class=sf-dump-key>remove-tracking-status</span>\" => \"<span class=sf-dump-str title=\"17 characters\">Tracking removed!</span>\"
    \"<span class=sf-dump-key>contact-status</span>\" => \"<span class=sf-dump-str title=\"80 characters\">Message sent! Our customer service representatives will get back to you shortly.</span>\"
  </samp>]
  \"<span class=sf-dump-key>errors</span>\" => <span class=sf-dump-note>array:5</span> [<samp data-depth=2 class=sf-dump-compact>
    \"<span class=sf-dump-key>login-status-error</span>\" => \"<span class=sf-dump-str title=\"55 characters\">There was a problem signing in, please contact support.</span>\"
    \"<span class=sf-dump-key>add-sender-status-error</span>\" => \"<span class=sf-dump-str title=\"34 characters\">There was a problem adding sender.</span>\"
    \"<span class=sf-dump-key>update-status-error</span>\" => \"<span class=sf-dump-str title=\"65 characters\">There was a problem updating the account, please contact support.</span>\"
    \"<span class=sf-dump-key>contact-status-error</span>\" => \"<span class=sf-dump-str title=\"65 characters\">There was a problem sending your message, please contact support.</span>\"
    \"<span class=sf-dump-key>tracking-status-error</span>\" => \"<span class=sf-dump-str title=\"29 characters\">Tracking info does not exist!</span>\"
  </samp>]
</samp>]
</pre><script>Sfdump(\"sf-dump-1299011464\", {\"maxDepth\":3,\"maxStringLength\":160})</script>
","contactDetails":"<pre class=sf-dump id=sf-dump-1546622142 data-indent-pad=\"  \"><span class=sf-dump-note>array:3</span> [<samp data-depth=1 class=sf-dump-expanded>
  \"<span class=sf-dump-key>address</span>\" => \"<span class=sf-dump-str title=\"36 characters\">Test Address&lt;br&gt; Lagos State, NG&lt;br&gt;</span>\"
  \"<span class=sf-dump-key>phone</span>\" => \"<span class=sf-dump-str title=\"11 characters\">08012345678</span>\"
  \"<span class=sf-dump-key>email</span>\" => \"<span class=sf-dump-str title=\"20 characters\">info@ukporunique.com</span>\"
</samp>]
</pre><script>Sfdump(\"sf-dump-1546622142\", {\"maxDepth\":3,\"maxStringLength\":160})</script>
"}},"exception":"[object] (Spatie\\LaravelIgnition\\Exceptions\\ViewException(code: 0): syntax error, unexpected token \"=>\", expecting \"]\" at /Users/tobikudayisi/repos/charlon-shop/resources/views/login.blade.php:48)
[stacktrace]
#0 /Users/tobikudayisi/repos/charlon-shop/vendor/laravel/framework/src/Illuminate/Filesystem/Filesystem.php(124): Illuminate\\Filesystem\\Filesystem::Illuminate\\Filesystem\\{closure}()
#1 /Users/tobikudayisi/repos/charlon-shop/vendor/laravel/framework/src/Illuminate/View/Engines/PhpEngine.php(58): Illuminate\\Filesystem\\Filesystem->getRequire('/Users/tobikuda...', Array)
#2 /Users/tobikudayisi/repos/charlon-shop/vendor/laravel/framework/src/Illuminate/View/Engines/CompilerEngine.php(75): Illuminate\\View\\Engines\\PhpEngine->evaluatePath('/Users/tobikuda...', Array)
#3 /Users/tobikudayisi/repos/charlon-shop/vendor/laravel/framework/src/Illuminate/View/View.php(209): Illuminate\\View\\Engines\\CompilerEngine->get('/Users/tobikuda...', Array)
#4 /Users/tobikudayisi/repos/charlon-shop/vendor/laravel/framework/src/Illuminate/View/View.php(192): Illuminate\\View\\View->getContents()
#5 /Users/tobikudayisi/repos/charlon-shop/vendor/laravel/framework/src/Illuminate/View/View.php(161): Illuminate\\View\\View->renderContents()
#6 /Users/tobikudayisi/repos/charlon-shop/vendor/laravel/framework/src/Illuminate/Http/Response.php(79): Illuminate\\View\\View->render()
#7 /Users/tobikudayisi/repos/charlon-shop/vendor/laravel/framework/src/Illuminate/Http/Response.php(35): Illuminate\\Http\\Response->setContent(Object(Illuminate\\View\\View))
#8 /Users/tobikudayisi/repos/charlon-shop/vendor/laravel/framework/src/Illuminate/Routing/Router.php(920): Illuminate\\Http\\Response->__construct(Object(Illuminate\\View\\View), 200, Array)
#9 /Users/tobikudayisi/repos/charlon-shop/vendor/laravel/framework/src/Illuminate/Routing/Router.php(887): Illuminate\\Routing\\Router::toResponse(Object(Illuminate\\Http\\Request), Object(Illuminate\\View\\View))
#10 /Users/tobikudayisi/repos/charlon-shop/vendor/laravel/framework/src/Illuminate/Routing/Router.php(807): Illuminate\\Routing\\Router->prepareResponse(Object(Illuminate\\Http\\Request), Object(Illuminate\\View\\View))
#11 /Users/tobikudayisi/repos/charlon-shop/vendor/laravel/framework/src/Illuminate/Pipeline/Pipeline.php(170): Illuminate\\Routing\\Router->Illuminate\\Routing\\{closure}(Object(Illuminate\\Http\\Request))
#12 /Users/tobikudayisi/repos/charlon-shop/vendor/laravel/framework/src/Illuminate/Routing/Middleware/SubstituteBindings.php(51): Illuminate\\Pipeline\\Pipeline->Illuminate\\Pipeline\\{closure}(Object(Illuminate\\Http\\Request))
#13 /Users/tobikudayisi/repos/charlon-shop/vendor/laravel/framework/src/Illuminate/Pipeline/Pipeline.php(209): Illuminate\\Routing\\Middleware\\SubstituteBindings->handle(Object(Illuminate\\Http\\Request), Object(Closure))
#14 /Users/tobikudayisi/repos/charlon-shop/vendor/laravel/framework/src/Illuminate/Foundation/Http/Middleware/VerifyCsrfToken.php(88): Illuminate\\Pipeline\\Pipeline->Illuminate\\Pipeline\\{closure}(Object(Illuminate\\Http\\Request))
#15 /Users/tobikudayisi/repos/charlon-shop/vendor/laravel/framework/src/Illuminate/Pipeline/Pipeline.php(209): Illuminate\\Foundation\\Http\\Middleware\\VerifyCsrfToken->handle(Object(Illuminate\\Http\\Request), Object(Closure))
#16 /Users/tobikudayisi/repos/charlon-shop/vendor/laravel/framework/src/Illuminate/View/Middleware/ShareErrorsFromSession.php(49): Illuminate\\Pipeline\\Pipeline->Illuminate\\Pipeline\\{closure}(Object(Illuminate\\Http\\Request))
#17 /Users/tobikudayisi/repos/charlon-shop/vendor/laravel/framework/src/Illuminate/Pipeline/Pipeline.php(209): Illuminate\\View\\Middleware\\ShareErrorsFromSession->handle(Object(Illuminate\\Http\\Request), Object(Closure))
#18 /Users/tobikudayisi/repos/charlon-shop/vendor/laravel/framework/src/Illuminate/Session/Middleware/StartSession.php(121): Illuminate\\Pipeline\\Pipeline->Illuminate\\Pipeline\\{closure}(Object(Illuminate\\Http\\Request))
#19 /Users/tobikudayisi/repos/charlon-shop/vendor/laravel/framework/src/Illuminate/Session/Middleware/StartSession.php(64): Illuminate\\Session\\Middleware\\StartSession->handleStatefulRequest(Object(Illuminate\\Http\\Request), Object(Illuminate\\Session\\Store), Object(Closure))
#20 /Users/tobikudayisi/repos/charlon-shop/vendor/laravel/framework/src/Illuminate/Pipeline/Pipeline.php(209): Illuminate\\Session\\Middleware\\StartSession->handle(Object(Illuminate\\Http\\Request), Object(Closure))
#21 /Users/tobikudayisi/repos/charlon-shop/vendor/laravel/framework/src/Illuminate/Cookie/Middleware/AddQueuedCookiesToResponse.php(37): Illuminate\\Pipeline\\Pipeline->Illuminate\\Pipeline\\{closure}(Object(Illuminate\\Http\\Request))
#22 /Users/tobikudayisi/repos/charlon-shop/vendor/laravel/framework/src/Illuminate/Pipeline/Pipeline.php(209): Illuminate\\Cookie\\Middleware\\AddQueuedCookiesToResponse->handle(Object(Illuminate\\Http\\Request), Object(Closure))
#23 /Users/tobikudayisi/repos/charlon-shop/vendor/laravel/framework/src/Illuminate/Cookie/Middleware/EncryptCookies.php(75): Illuminate\\Pipeline\\Pipeline->Illuminate\\Pipeline\\{closure}(Object(Illuminate\\Http\\Request))
#24 /Users/tobikudayisi/repos/charlon-shop/vendor/laravel/framework/src/Illuminate/Pipeline/Pipeline.php(209): Illuminate\\Cookie\\Middleware\\EncryptCookies->handle(Object(Illuminate\\Http\\Request), Object(Closure))
#25 /Users/tobikudayisi/repos/charlon-shop/vendor/laravel/framework/src/Illuminate/Pipeline/Pipeline.php(127): Illuminate\\Pipeline\\Pipeline->Illuminate\\Pipeline\\{closure}(Object(Illuminate\\Http\\Request))
#26 /Users/tobikudayisi/repos/charlon-shop/vendor/laravel/framework/src/Illuminate/Routing/Router.php(807): Illuminate\\Pipeline\\Pipeline->then(Object(Closure))
#27 /Users/tobikudayisi/repos/charlon-shop/vendor/laravel/framework/src/Illuminate/Routing/Router.php(786): Illuminate\\Routing\\Router->runRouteWithinStack(Object(Illuminate\\Routing\\Route), Object(Illuminate\\Http\\Request))
#28 /Users/tobikudayisi/repos/charlon-shop/vendor/laravel/framework/src/Illuminate/Routing/Router.php(750): Illuminate\\Routing\\Router->runRoute(Object(Illuminate\\Http\\Request), Object(Illuminate\\Routing\\Route))
#29 /Users/tobikudayisi/repos/charlon-shop/vendor/laravel/framework/src/Illuminate/Routing/Router.php(739): Illuminate\\Routing\\Router->dispatchToRoute(Object(Illuminate\\Http\\Request))
#30 /Users/tobikudayisi/repos/charlon-shop/vendor/laravel/framework/src/Illuminate/Foundation/Http/Kernel.php(201): Illuminate\\Routing\\Router->dispatch(Object(Illuminate\\Http\\Request))
#31 /Users/tobikudayisi/repos/charlon-shop/vendor/laravel/framework/src/Illuminate/Pipeline/Pipeline.php(170): Illuminate\\Foundation\\Http\\Kernel->Illuminate\\Foundation\\Http\\{closure}(Object(Illuminate\\Http\\Request))
#32 /Users/tobikudayisi/repos/charlon-shop/vendor/laravel/framework/src/Illuminate/Cookie/Middleware/EncryptCookies.php(75): Illuminate\\Pipeline\\Pipeline->Illuminate\\Pipeline\\{closure}(Object(Illuminate\\Http\\Request))
#33 /Users/tobikudayisi/repos/charlon-shop/vendor/laravel/framework/src/Illuminate/Pipeline/Pipeline.php(209): Illuminate\\Cookie\\Middleware\\EncryptCookies->handle(Object(Illuminate\\Http\\Request), Object(Closure))
#34 /Users/tobikudayisi/repos/charlon-shop/vendor/laravel/framework/src/Illuminate/View/Middleware/ShareErrorsFromSession.php(49): Illuminate\\Pipeline\\Pipeline->Illuminate\\Pipeline\\{closure}(Object(Illuminate\\Http\\Request))
#35 /Users/tobikudayisi/repos/charlon-shop/vendor/laravel/framework/src/Illuminate/Pipeline/Pipeline.php(209): Illuminate\\View\\Middleware\\ShareErrorsFromSession->handle(Object(Illuminate\\Http\\Request), Object(Closure))
#36 /Users/tobikudayisi/repos/charlon-shop/vendor/laravel/framework/src/Illuminate/Session/Middleware/StartSession.php(121): Illuminate\\Pipeline\\Pipeline->Illuminate\\Pipeline\\{closure}(Object(Illuminate\\Http\\Request))
#37 /Users/tobikudayisi/repos/charlon-shop/vendor/laravel/framework/src/Illuminate/Session/Middleware/StartSession.php(64): Illuminate\\Session\\Middleware\\StartSession->handleStatefulRequest(Object(Illuminate\\Http\\Request), Object(Illuminate\\Session\\Store), Object(Closure))
#38 /Users/tobikudayisi/repos/charlon-shop/vendor/laravel/framework/src/Illuminate/Pipeline/Pipeline.php(209): Illuminate\\Session\\Middleware\\StartSession->handle(Object(Illuminate\\Http\\Request), Object(Closure))
#39 /Users/tobikudayisi/repos/charlon-shop/vendor/laravel/framework/src/Illuminate/Foundation/Http/Middleware/TransformsRequest.php(21): Illuminate\\Pipeline\\Pipeline->Illuminate\\Pipeline\\{closure}(Object(Illuminate\\Http\\Request))
#40 /Users/tobikudayisi/repos/charlon-shop/vendor/laravel/framework/src/Illuminate/Foundation/Http/Middleware/ConvertEmptyStringsToNull.php(31): Illuminate\\Foundation\\Http\\Middleware\\TransformsRequest->handle(Object(Illuminate\\Http\\Request), Object(Closure))
#41 /Users/tobikudayisi/repos/charlon-shop/vendor/laravel/framework/src/Illuminate/Pipeline/Pipeline.php(209): Illuminate\\Foundation\\Http\\Middleware\\ConvertEmptyStringsToNull->handle(Object(Illuminate\\Http\\Request), Object(Closure))
#42 /Users/tobikudayisi/repos/charlon-shop/vendor/laravel/framework/src/Illuminate/Foundation/Http/Middleware/TransformsRequest.php(21): Illuminate\\Pipeline\\Pipeline->Illuminate\\Pipeline\\{closure}(Object(Illuminate\\Http\\Request))
#43 /Users/tobikudayisi/repos/charlon-shop/vendor/laravel/framework/src/Illuminate/Foundation/Http/Middleware/TrimStrings.php(51): Illuminate\\Foundation\\Http\\Middleware\\TransformsRequest->handle(Object(Illuminate\\Http\\Request), Object(Closure))
#44 /Users/tobikudayisi/repos/charlon-shop/vendor/laravel/framework/src/Illuminate/Pipeline/Pipeline.php(209): Illuminate\\Foundation\\Http\\Middleware\\TrimStrings->handle(Object(Illuminate\\Http\\Request), Object(Closure))
#45 /Users/tobikudayisi/repos/charlon-shop/vendor/laravel/framework/src/Illuminate/Http/Middleware/ValidatePostSize.php(27): Illuminate\\Pipeline\\Pipeline->Illuminate\\Pipeline\\{closure}(Object(Illuminate\\Http\\Request))
#46 /Users/tobikudayisi/repos/charlon-shop/vendor/laravel/framework/src/Illuminate/Pipeline/Pipeline.php(209): Illuminate\\Http\\Middleware\\ValidatePostSize->handle(Object(Illuminate\\Http\\Request), Object(Closure))
#47 /Users/tobikudayisi/repos/charlon-shop/vendor/laravel/framework/src/Illuminate/Foundation/Http/Middleware/PreventRequestsDuringMaintenance.php(110): Illuminate\\Pipeline\\Pipeline->Illuminate\\Pipeline\\{closure}(Object(Illuminate\\Http\\Request))
#48 /Users/tobikudayisi/repos/charlon-shop/vendor/laravel/framework/src/Illuminate/Pipeline/Pipeline.php(209): Illuminate\\Foundation\\Http\\Middleware\\PreventRequestsDuringMaintenance->handle(Object(Illuminate\\Http\\Request), Object(Closure))
#49 /Users/tobikudayisi/repos/charlon-shop/vendor/laravel/framework/src/Illuminate/Http/Middleware/HandleCors.php(49): Illuminate\\Pipeline\\Pipeline->Illuminate\\Pipeline\\{closure}(Object(Illuminate\\Http\\Request))
#50 /Users/tobikudayisi/repos/charlon-shop/vendor/laravel/framework/src/Illuminate/Pipeline/Pipeline.php(209): Illuminate\\Http\\Middleware\\HandleCors->handle(Object(Illuminate\\Http\\Request), Object(Closure))
#51 /Users/tobikudayisi/repos/charlon-shop/vendor/laravel/framework/src/Illuminate/Http/Middleware/TrustProxies.php(58): Illuminate\\Pipeline\\Pipeline->Illuminate\\Pipeline\\{closure}(Object(Illuminate\\Http\\Request))
#52 /Users/tobikudayisi/repos/charlon-shop/vendor/laravel/framework/src/Illuminate/Pipeline/Pipeline.php(209): Illuminate\\Http\\Middleware\\TrustProxies->handle(Object(Illuminate\\Http\\Request), Object(Closure))
#53 /Users/tobikudayisi/repos/charlon-shop/vendor/laravel/framework/src/Illuminate/Pipeline/Pipeline.php(127): Illuminate\\Pipeline\\Pipeline->Illuminate\\Pipeline\\{closure}(Object(Illuminate\\Http\\Request))
#54 /Users/tobikudayisi/repos/charlon-shop/vendor/laravel/framework/src/Illuminate/Foundation/Http/Kernel.php(176): Illuminate\\Pipeline\\Pipeline->then(Object(Closure))
#55 /Users/tobikudayisi/repos/charlon-shop/vendor/laravel/framework/src/Illuminate/Foundation/Http/Kernel.php(145): Illuminate\\Foundation\\Http\\Kernel->sendRequestThroughRouter(Object(Illuminate\\Http\\Request))
#56 /Users/tobikudayisi/repos/charlon-shop/public/index.php(61): Illuminate\\Foundation\\Http\\Kernel->handle(Object(Illuminate\\Http\\Request))
#57 /Users/tobikudayisi/repos/charlon-shop/vendor/laravel/framework/src/Illuminate/Foundation/resources/server.php(23): require_once('/Users/tobikuda...')
#58 {main}

[previous exception] [object] (ParseError(code: 0): syntax error, unexpected token \"=>\", expecting \"]\" at /Users/tobikudayisi/repos/charlon-shop/storage/framework/views/d8ca47565d12c7cb602ea4f95eb38224.php:48)
[stacktrace]
#0 /Users/tobikudayisi/repos/charlon-shop/vendor/laravel/framework/src/Illuminate/Filesystem/Filesystem.php(124): Illuminate\\Filesystem\\Filesystem::Illuminate\\Filesystem\\{closure}()
#1 /Users/tobikudayisi/repos/charlon-shop/vendor/laravel/framework/src/Illuminate/View/Engines/PhpEngine.php(58): Illuminate\\Filesystem\\Filesystem->getRequire('/Users/tobikuda...', Array)
#2 /Users/tobikudayisi/repos/charlon-shop/vendor/laravel/framework/src/Illuminate/View/Engines/CompilerEngine.php(75): Illuminate\\View\\Engines\\PhpEngine->evaluatePath('/Users/tobikuda...', Array)
#3 /Users/tobikudayisi/repos/charlon-shop/vendor/laravel/framework/src/Illuminate/View/View.php(209): Illuminate\\View\\Engines\\CompilerEngine->get('/Users/tobikuda...', Array)
#4 /Users/tobikudayisi/repos/charlon-shop/vendor/laravel/framework/src/Illuminate/View/View.php(192): Illuminate\\View\\View->getContents()
#5 /Users/tobikudayisi/repos/charlon-shop/vendor/laravel/framework/src/Illuminate/View/View.php(161): Illuminate\\View\\View->renderContents()
#6 /Users/tobikudayisi/repos/charlon-shop/vendor/laravel/framework/src/Illuminate/Http/Response.php(79): Illuminate\\View\\View->render()
#7 /Users/tobikudayisi/repos/charlon-shop/vendor/laravel/framework/src/Illuminate/Http/Response.php(35): Illuminate\\Http\\Response->setContent(Object(Illuminate\\View\\View))
#8 /Users/tobikudayisi/repos/charlon-shop/vendor/laravel/framework/src/Illuminate/Routing/Router.php(920): Illuminate\\Http\\Response->__construct(Object(Illuminate\\View\\View), 200, Array)
#9 /Users/tobikudayisi/repos/charlon-shop/vendor/laravel/framework/src/Illuminate/Routing/Router.php(887): Illuminate\\Routing\\Router::toResponse(Object(Illuminate\\Http\\Request), Object(Illuminate\\View\\View))
#10 /Users/tobikudayisi/repos/charlon-shop/vendor/laravel/framework/src/Illuminate/Routing/Router.php(807): Illuminate\\Routing\\Router->prepareResponse(Object(Illuminate\\Http\\Request), Object(Illuminate\\View\\View))
#11 /Users/tobikudayisi/repos/charlon-shop/vendor/laravel/framework/src/Illuminate/Pipeline/Pipeline.php(170): Illuminate\\Routing\\Router->Illuminate\\Routing\\{closure}(Object(Illuminate\\Http\\Request))
#12 /Users/tobikudayisi/repos/charlon-shop/vendor/laravel/framework/src/Illuminate/Routing/Middleware/SubstituteBindings.php(51): Illuminate\\Pipeline\\Pipeline->Illuminate\\Pipeline\\{closure}(Object(Illuminate\\Http\\Request))
#13 /Users/tobikudayisi/repos/charlon-shop/vendor/laravel/framework/src/Illuminate/Pipeline/Pipeline.php(209): Illuminate\\Routing\\Middleware\\SubstituteBindings->handle(Object(Illuminate\\Http\\Request), Object(Closure))
#14 /Users/tobikudayisi/repos/charlon-shop/vendor/laravel/framework/src/Illuminate/Foundation/Http/Middleware/VerifyCsrfToken.php(88): Illuminate\\Pipeline\\Pipeline->Illuminate\\Pipeline\\{closure}(Object(Illuminate\\Http\\Request))
#15 /Users/tobikudayisi/repos/charlon-shop/vendor/laravel/framework/src/Illuminate/Pipeline/Pipeline.php(209): Illuminate\\Foundation\\Http\\Middleware\\VerifyCsrfToken->handle(Object(Illuminate\\Http\\Request), Object(Closure))
#16 /Users/tobikudayisi/repos/charlon-shop/vendor/laravel/framework/src/Illuminate/View/Middleware/ShareErrorsFromSession.php(49): Illuminate\\Pipeline\\Pipeline->Illuminate\\Pipeline\\{closure}(Object(Illuminate\\Http\\Request))
#17 /Users/tobikudayisi/repos/charlon-shop/vendor/laravel/framework/src/Illuminate/Pipeline/Pipeline.php(209): Illuminate\\View\\Middleware\\ShareErrorsFromSession->handle(Object(Illuminate\\Http\\Request), Object(Closure))
#18 /Users/tobikudayisi/repos/charlon-shop/vendor/laravel/framework/src/Illuminate/Session/Middleware/StartSession.php(121): Illuminate\\Pipeline\\Pipeline->Illuminate\\Pipeline\\{closure}(Object(Illuminate\\Http\\Request))
#19 /Users/tobikudayisi/repos/charlon-shop/vendor/laravel/framework/src/Illuminate/Session/Middleware/StartSession.php(64): Illuminate\\Session\\Middleware\\StartSession->handleStatefulRequest(Object(Illuminate\\Http\\Request), Object(Illuminate\\Session\\Store), Object(Closure))
#20 /Users/tobikudayisi/repos/charlon-shop/vendor/laravel/framework/src/Illuminate/Pipeline/Pipeline.php(209): Illuminate\\Session\\Middleware\\StartSession->handle(Object(Illuminate\\Http\\Request), Object(Closure))
#21 /Users/tobikudayisi/repos/charlon-shop/vendor/laravel/framework/src/Illuminate/Cookie/Middleware/AddQueuedCookiesToResponse.php(37): Illuminate\\Pipeline\\Pipeline->Illuminate\\Pipeline\\{closure}(Object(Illuminate\\Http\\Request))
#22 /Users/tobikudayisi/repos/charlon-shop/vendor/laravel/framework/src/Illuminate/Pipeline/Pipeline.php(209): Illuminate\\Cookie\\Middleware\\AddQueuedCookiesToResponse->handle(Object(Illuminate\\Http\\Request), Object(Closure))
#23 /Users/tobikudayisi/repos/charlon-shop/vendor/laravel/framework/src/Illuminate/Cookie/Middleware/EncryptCookies.php(75): Illuminate\\Pipeline\\Pipeline->Illuminate\\Pipeline\\{closure}(Object(Illuminate\\Http\\Request))
#24 /Users/tobikudayisi/repos/charlon-shop/vendor/laravel/framework/src/Illuminate/Pipeline/Pipeline.php(209): Illuminate\\Cookie\\Middleware\\EncryptCookies->handle(Object(Illuminate\\Http\\Request), Object(Closure))
#25 /Users/tobikudayisi/repos/charlon-shop/vendor/laravel/framework/src/Illuminate/Pipeline/Pipeline.php(127): Illuminate\\Pipeline\\Pipeline->Illuminate\\Pipeline\\{closure}(Object(Illuminate\\Http\\Request))
#26 /Users/tobikudayisi/repos/charlon-shop/vendor/laravel/framework/src/Illuminate/Routing/Router.php(807): Illuminate\\Pipeline\\Pipeline->then(Object(Closure))
#27 /Users/tobikudayisi/repos/charlon-shop/vendor/laravel/framework/src/Illuminate/Routing/Router.php(786): Illuminate\\Routing\\Router->runRouteWithinStack(Object(Illuminate\\Routing\\Route), Object(Illuminate\\Http\\Request))
#28 /Users/tobikudayisi/repos/charlon-shop/vendor/laravel/framework/src/Illuminate/Routing/Router.php(750): Illuminate\\Routing\\Router->runRoute(Object(Illuminate\\Http\\Request), Object(Illuminate\\Routing\\Route))
#29 /Users/tobikudayisi/repos/charlon-shop/vendor/laravel/framework/src/Illuminate/Routing/Router.php(739): Illuminate\\Routing\\Router->dispatchToRoute(Object(Illuminate\\Http\\Request))
#30 /Users/tobikudayisi/repos/charlon-shop/vendor/laravel/framework/src/Illuminate/Foundation/Http/Kernel.php(201): Illuminate\\Routing\\Router->dispatch(Object(Illuminate\\Http\\Request))
#31 /Users/tobikudayisi/repos/charlon-shop/vendor/laravel/framework/src/Illuminate/Pipeline/Pipeline.php(170): Illuminate\\Foundation\\Http\\Kernel->Illuminate\\Foundation\\Http\\{closure}(Object(Illuminate\\Http\\Request))
#32 /Users/tobikudayisi/repos/charlon-shop/vendor/laravel/framework/src/Illuminate/Cookie/Middleware/EncryptCookies.php(75): Illuminate\\Pipeline\\Pipeline->Illuminate\\Pipeline\\{closure}(Object(Illuminate\\Http\\Request))
#33 /Users/tobikudayisi/repos/charlon-shop/vendor/laravel/framework/src/Illuminate/Pipeline/Pipeline.php(209): Illuminate\\Cookie\\Middleware\\EncryptCookies->handle(Object(Illuminate\\Http\\Request), Object(Closure))
#34 /Users/tobikudayisi/repos/charlon-shop/vendor/laravel/framework/src/Illuminate/View/Middleware/ShareErrorsFromSession.php(49): Illuminate\\Pipeline\\Pipeline->Illuminate\\Pipeline\\{closure}(Object(Illuminate\\Http\\Request))
#35 /Users/tobikudayisi/repos/charlon-shop/vendor/laravel/framework/src/Illuminate/Pipeline/Pipeline.php(209): Illuminate\\View\\Middleware\\ShareErrorsFromSession->handle(Object(Illuminate\\Http\\Request), Object(Closure))
#36 /Users/tobikudayisi/repos/charlon-shop/vendor/laravel/framework/src/Illuminate/Session/Middleware/StartSession.php(121): Illuminate\\Pipeline\\Pipeline->Illuminate\\Pipeline\\{closure}(Object(Illuminate\\Http\\Request))
#37 /Users/tobikudayisi/repos/charlon-shop/vendor/laravel/framework/src/Illuminate/Session/Middleware/StartSession.php(64): Illuminate\\Session\\Middleware\\StartSession->handleStatefulRequest(Object(Illuminate\\Http\\Request), Object(Illuminate\\Session\\Store), Object(Closure))
#38 /Users/tobikudayisi/repos/charlon-shop/vendor/laravel/framework/src/Illuminate/Pipeline/Pipeline.php(209): Illuminate\\Session\\Middleware\\StartSession->handle(Object(Illuminate\\Http\\Request), Object(Closure))
#39 /Users/tobikudayisi/repos/charlon-shop/vendor/laravel/framework/src/Illuminate/Foundation/Http/Middleware/TransformsRequest.php(21): Illuminate\\Pipeline\\Pipeline->Illuminate\\Pipeline\\{closure}(Object(Illuminate\\Http\\Request))
#40 /Users/tobikudayisi/repos/charlon-shop/vendor/laravel/framework/src/Illuminate/Foundation/Http/Middleware/ConvertEmptyStringsToNull.php(31): Illuminate\\Foundation\\Http\\Middleware\\TransformsRequest->handle(Object(Illuminate\\Http\\Request), Object(Closure))
#41 /Users/tobikudayisi/repos/charlon-shop/vendor/laravel/framework/src/Illuminate/Pipeline/Pipeline.php(209): Illuminate\\Foundation\\Http\\Middleware\\ConvertEmptyStringsToNull->handle(Object(Illuminate\\Http\\Request), Object(Closure))
#42 /Users/tobikudayisi/repos/charlon-shop/vendor/laravel/framework/src/Illuminate/Foundation/Http/Middleware/TransformsRequest.php(21): Illuminate\\Pipeline\\Pipeline->Illuminate\\Pipeline\\{closure}(Object(Illuminate\\Http\\Request))
#43 /Users/tobikudayisi/repos/charlon-shop/vendor/laravel/framework/src/Illuminate/Foundation/Http/Middleware/TrimStrings.php(51): Illuminate\\Foundation\\Http\\Middleware\\TransformsRequest->handle(Object(Illuminate\\Http\\Request), Object(Closure))
#44 /Users/tobikudayisi/repos/charlon-shop/vendor/laravel/framework/src/Illuminate/Pipeline/Pipeline.php(209): Illuminate\\Foundation\\Http\\Middleware\\TrimStrings->handle(Object(Illuminate\\Http\\Request), Object(Closure))
#45 /Users/tobikudayisi/repos/charlon-shop/vendor/laravel/framework/src/Illuminate/Http/Middleware/ValidatePostSize.php(27): Illuminate\\Pipeline\\Pipeline->Illuminate\\Pipeline\\{closure}(Object(Illuminate\\Http\\Request))
#46 /Users/tobikudayisi/repos/charlon-shop/vendor/laravel/framework/src/Illuminate/Pipeline/Pipeline.php(209): Illuminate\\Http\\Middleware\\ValidatePostSize->handle(Object(Illuminate\\Http\\Request), Object(Closure))
#47 /Users/tobikudayisi/repos/charlon-shop/vendor/laravel/framework/src/Illuminate/Foundation/Http/Middleware/PreventRequestsDuringMaintenance.php(110): Illuminate\\Pipeline\\Pipeline->Illuminate\\Pipeline\\{closure}(Object(Illuminate\\Http\\Request))
#48 /Users/tobikudayisi/repos/charlon-shop/vendor/laravel/framework/src/Illuminate/Pipeline/Pipeline.php(209): Illuminate\\Foundation\\Http\\Middleware\\PreventRequestsDuringMaintenance->handle(Object(Illuminate\\Http\\Request), Object(Closure))
#49 /Users/tobikudayisi/repos/charlon-shop/vendor/laravel/framework/src/Illuminate/Http/Middleware/HandleCors.php(49): Illuminate\\Pipeline\\Pipeline->Illuminate\\Pipeline\\{closure}(Object(Illuminate\\Http\\Request))
#50 /Users/tobikudayisi/repos/charlon-shop/vendor/laravel/framework/src/Illuminate/Pipeline/Pipeline.php(209): Illuminate\\Http\\Middleware\\HandleCors->handle(Object(Illuminate\\Http\\Request), Object(Closure))
#51 /Users/tobikudayisi/repos/charlon-shop/vendor/laravel/framework/src/Illuminate/Http/Middleware/TrustProxies.php(58): Illuminate\\Pipeline\\Pipeline->Illuminate\\Pipeline\\{closure}(Object(Illuminate\\Http\\Request))
#52 /Users/tobikudayisi/repos/charlon-shop/vendor/laravel/framework/src/Illuminate/Pipeline/Pipeline.php(209): Illuminate\\Http\\Middleware\\TrustProxies->handle(Object(Illuminate\\Http\\Request), Object(Closure))
#53 /Users/tobikudayisi/repos/charlon-shop/vendor/laravel/framework/src/Illuminate/Pipeline/Pipeline.php(127): Illuminate\\Pipeline\\Pipeline->Illuminate\\Pipeline\\{closure}(Object(Illuminate\\Http\\Request))
#54 /Users/tobikudayisi/repos/charlon-shop/vendor/laravel/framework/src/Illuminate/Foundation/Http/Kernel.php(176): Illuminate\\Pipeline\\Pipeline->then(Object(Closure))
#55 /Users/tobikudayisi/repos/charlon-shop/vendor/laravel/framework/src/Illuminate/Foundation/Http/Kernel.php(145): Illuminate\\Foundation\\Http\\Kernel->sendRequestThroughRouter(Object(Illuminate\\Http\\Request))
#56 /Users/tobikudayisi/repos/charlon-shop/public/index.php(61): Illuminate\\Foundation\\Http\\Kernel->handle(Object(Illuminate\\Http\\Request))
#57 /Users/tobikudayisi/repos/charlon-shop/vendor/laravel/framework/src/Illuminate/Foundation/resources/server.php(23): require_once('/Users/tobikuda...')
#58 {main}
"} 
